  Scheduler.cpp
Scheduler.cpp(98): warning C4244: '=': conversion from 'double' to 'int', possible loss of data
Scheduler.cpp(99): warning C4244: '=': conversion from 'double' to 'int', possible loss of data
Scheduler.cpp(100): warning C4244: '=': conversion from 'double' to 'int', possible loss of data
Scheduler.cpp(174): warning C4244: 'argument': conversion from 'double' to 'int', possible loss of data
c:\opencv-3.3.0\opencv\build\include\opencv2\core\cvstd.hpp(575): warning C4793: 'cv::String::String': function compiled as native:
  	Found an intrinsic not supported in managed code
c:\opencv-3.3.0\opencv\build\include\opencv2\core\mat.inl.hpp(482): warning C4793: 'cv::Mat::Mat': function compiled as native:
  	Found an intrinsic not supported in managed code
c:\opencv-3.3.0\opencv\build\include\opencv2\core\mat.inl.hpp(803): warning C4793: 'cv::Mat::release': function compiled as native:
  	Found an intrinsic not supported in managed code
c:\opencv-3.3.0\opencv\build\include\opencv2\core\mat.inl.hpp(2083): warning C4793: 'cv::SparseMat::addref': function compiled as native:
  	Found an intrinsic not supported in managed code
c:\opencv-3.3.0\opencv\build\include\opencv2\core\mat.inl.hpp(3683): warning C4793: 'cv::UMat::addref': function compiled as native:
  	Found an intrinsic not supported in managed code
c:\opencv-3.3.0\opencv\build\include\opencv2\core\ptr.inl.hpp(67): warning C4793: 'cv::detail::PtrOwner::incRef': function compiled as native:
  	Found an intrinsic not supported in managed code
c:\opencv-3.3.0\opencv\build\include\opencv2\core\ptr.inl.hpp(72): warning C4793: 'cv::detail::PtrOwner::decRef': function compiled as native:
  	Found an intrinsic not supported in managed code
  LandMyDrone.vcxproj -> C:\Users\daram\documents\visual studio 2017\Projects\LandMyDrone\x64\Debug\LandMyDrone.exe
